{
  "RSpec": {
    "coverage": {
      "/Users/bam/turing/3mod/projects/market_money/app/models/market.rb": {
        "lines": [
          1,
          1,
          1,
          null,
          null,
          1,
          1,
          null,
          null,
          null
        ]
      },
      "/Users/bam/turing/3mod/projects/market_money/app/models/application_record.rb": {
        "lines": [
          1,
          1,
          null
        ]
      },
      "/Users/bam/turing/3mod/projects/market_money/app/models/market_vendor.rb": {
        "lines": [
          1,
          1,
          1,
          null
        ]
      },
      "/Users/bam/turing/3mod/projects/market_money/app/models/vendor.rb": {
        "lines": [
          1,
          1,
          1,
          null
        ]
      }
    },
    "timestamp": 1693365795
  }
}
